TN:
SF:consultPrefix.js
FN:2,consultPrefix
FN:8,consultPrefixArray
FN:16,print
FN:23,printTotal
FNF:4
FNH:4
FNDA:115,consultPrefix
FNDA:1,consultPrefixArray
FNDA:9,print
FNDA:2,printTotal
DA:1,1
DA:2,115
DA:3,115
DA:4,1
DA:5,1
DA:6,114
DA:7,114
DA:8,1
DA:9,1
DA:10,1
DA:11,3
DA:12,3
DA:13,1
DA:14,1
DA:15,1
DA:16,9
DA:17,9
DA:18,9
DA:19,108
DA:20,108
DA:21,9
DA:22,9
DA:23,2
DA:24,2
DA:25,2
DA:26,8
DA:27,8
DA:28,2
DA:29,2
DA:30,1
DA:31,1
DA:32,1
DA:33,1
DA:34,1
DA:35,1
DA:36,1
DA:37,1
DA:38,1
LF:38
LH:38
BRDA:2,0,0,115
BRDA:3,1,0,1
BRDA:6,2,0,114
BRDA:8,3,0,1
BRDA:10,4,0,3
BRDA:16,5,0,9
BRDA:18,6,0,108
BRDA:19,7,0,22
BRDA:19,8,0,86
BRDA:23,9,0,2
BRDA:25,10,0,8
BRF:11
BRH:11
end_of_record
TN:
SF:fizzBuzz.js
FN:13,fizzBuzz
FN:19,print
FNF:2
FNH:1
FNDA:7,fizzBuzz
FNDA:0,print
DA:1,1
DA:2,1
DA:3,1
DA:4,1
DA:5,1
DA:6,1
DA:7,1
DA:8,1
DA:9,1
DA:10,1
DA:11,1
DA:12,1
DA:13,7
DA:14,7
DA:15,1
DA:16,1
DA:17,7
DA:18,7
DA:19,0
DA:20,0
DA:21,0
DA:22,0
DA:23,0
DA:24,1
DA:25,1
LF:25
LH:20
BRDA:13,0,0,7
BRDA:14,1,0,1
BRDA:17,2,0,6
BRDA:17,3,0,3
BRDA:17,4,0,3
BRDA:17,5,0,3
BRDA:17,6,0,3
BRDA:17,7,0,1
BRF:8
BRH:8
end_of_record
TN:
SF:plusMinus.js
FN:1,numberPositives
FN:4,numberNegatives
FN:7,numberZeros
FN:10,lengthBetween
FN:13,numberBetween
FN:16,ratios
FNF:6
FNH:6
FNDA:1,numberPositives
FNDA:1,numberNegatives
FNDA:1,numberZeros
FNDA:1,lengthBetween
FNDA:1,numberBetween
FNDA:1,ratios
DA:1,1
DA:2,1
DA:3,1
DA:4,1
DA:5,1
DA:6,1
DA:7,1
DA:8,1
DA:9,1
DA:10,1
DA:11,1
DA:12,1
DA:13,1
DA:14,1
DA:15,1
DA:16,1
DA:17,1
DA:18,1
DA:19,1
DA:20,1
DA:21,1
DA:22,1
DA:23,1
DA:24,1
DA:25,1
DA:26,1
DA:27,1
DA:28,1
DA:29,1
DA:30,1
DA:31,1
LF:31
LH:31
BRDA:1,0,0,1
BRDA:4,1,0,1
BRDA:7,2,0,1
BRDA:10,3,0,1
BRDA:13,4,0,1
BRDA:16,5,0,1
BRDA:17,6,0,6
BRDA:18,7,0,6
BRDA:19,8,0,6
BRF:9
BRH:9
end_of_record
